08:57:20  ============================================================
08:57:20  RUN 2026-06-24 08:57:20
08:57:20  ffmpeg: ffmpeg
08:57:21  35 beats · voiceover 436.9s · transition=crossfade · zoom=False
08:57:21  Pairing (beat: image  <-  audio  =  seconds):
08:57:21    01: 001_001.jpg  <-  Generated Audio June 23, 2026 - 8_19PM.wav  =  13.36s
08:57:21    02: 002_002.jpg  <-  Generated Audio June 23, 2026 - 8_20PM.wav  =  13.04s
08:57:21    03: 003_003.jpg  <-  Generated Audio June 23, 2026 - 8_20PM (1).wav  =  18.08s
08:57:21    04: 004_004.jpg  <-  Generated Audio June 23, 2026 - 8_21PM.wav  =  13.32s
08:57:21    05: 005_005.jpg  <-  Generated Audio June 23, 2026 - 8_22PM.wav  =  14.04s
08:57:21    06: 006_006.jpg  <-  Generated Audio June 23, 2026 - 8_22PM (1).wav  =  13.80s
08:57:21    07: 007_007.jpg  <-  Generated Audio June 23, 2026 - 8_22PM (2).wav  =  13.20s
08:57:21    08: 008_008.jpg  <-  Generated Audio June 23, 2026 - 8_23PM.wav  =  13.64s
08:57:21    09: 009_009.jpg  <-  Generated Audio June 23, 2026 - 8_23PM (1).wav  =  14.84s
08:57:21    10: 010_010.jpg  <-  Generated Audio June 23, 2026 - 8_23PM (2).wav  =  11.84s
08:57:21    11: 011_011.jpg  <-  Generated Audio June 23, 2026 - 8_24PM.wav  =  9.24s
08:57:21    12: 012_012.jpg  <-  Generated Audio June 23, 2026 - 8_24PM (1).wav  =  11.64s
08:57:21    13: 013_013.jpg  <-  Generated Audio June 23, 2026 - 8_25PM.wav  =  13.36s
08:57:21    14: 014_014.jpg  <-  Generated Audio June 23, 2026 - 8_25PM (1).wav  =  10.88s
08:57:21    15: 015_015.jpg  <-  Generated Audio June 23, 2026 - 8_26PM.wav  =  13.32s
08:57:21    16: 016_016.jpg  <-  Generated Audio June 23, 2026 - 8_26PM (1).wav  =  9.28s
08:57:21    17: 017_017.jpg  <-  Generated Audio June 23, 2026 - 8_26PM (2).wav  =  7.40s
08:57:21    18: 018_018.jpg  <-  Generated Audio June 23, 2026 - 8_27PM.wav  =  13.44s
08:57:21    19: 019_019.jpg  <-  Generated Audio June 23, 2026 - 8_27PM (1).wav  =  12.76s
08:57:21    20: 020_020.jpg  <-  Generated Audio June 23, 2026 - 8_27PM (2).wav  =  11.16s
08:57:21    21: 021_021.jpg  <-  Generated Audio June 23, 2026 - 8_28PM.wav  =  11.76s
08:57:21    22: 022_022.jpg  <-  Generated Audio June 23, 2026 - 8_29PM.wav  =  12.32s
08:57:21    23: 023_023.jpg  <-  Generated Audio June 23, 2026 - 8_29PM (1).wav  =  9.32s
08:57:21    24: 024_024.jpg  <-  Generated Audio June 23, 2026 - 8_30PM.wav  =  17.44s
08:57:21    25: 025_025.jpg  <-  Generated Audio June 23, 2026 - 8_30PM (1).wav  =  13.00s
08:57:21    26: 026_026.jpg  <-  Generated Audio June 23, 2026 - 8_31PM.wav  =  13.56s
08:57:21    27: 027_027.jpg  <-  Generated Audio June 23, 2026 - 8_31PM (1).wav  =  13.08s
08:57:21    28: 028_028.jpg  <-  Generated Audio June 23, 2026 - 8_35PM.wav  =  11.80s
08:57:21    29: 029_029.jpg  <-  Generated Audio June 23, 2026 - 8_35PM (1).wav  =  10.92s
08:57:21    30: 030_030.jpg  <-  Generated Audio June 23, 2026 - 8_36PM.wav  =  10.28s
08:57:21    31: 031_031.jpg  <-  Generated Audio June 23, 2026 - 8_36PM (1).wav  =  12.92s
08:57:21    32: 032_032.jpg  <-  Generated Audio June 23, 2026 - 8_37PM.wav  =  11.72s
08:57:21    33: 033_033.jpg  <-  Generated Audio June 23, 2026 - 8_37PM (1).wav  =  10.84s
08:57:21    34: 034_034.jpg  <-  Generated Audio June 23, 2026 - 8_37PM (2).wav  =  12.52s
08:57:21    35: 035_035.jpg  <-  Generated Audio June 23, 2026 - 8_38PM.wav  =  13.80s
09:02:21  DONE -> c:\Users\Pawan.Rajbhar\Downloads\PY_Projects\yt-maker\output/video.mp4
09:02:21  Log saved -> c:\Users\Pawan.Rajbhar\Downloads\PY_Projects\yt-maker\output\logs\run_2026-06-24_08-57-20.log
