09:16:40  ============================================================
09:16:40  RUN 2026-06-24 09:16:40
09:16:40  ffmpeg: ffmpeg
09:16:40  35 beats · voiceover 436.9s · transition=crossfade · zoom=False
09:16:40  Pairing (beat: image  <-  audio  =  seconds):
09:16:40    01: 001_001.jpg  <-  Generated Audio June 23, 2026 - 8_19PM.wav  =  13.36s
09:16:40    02: 002_002.jpg  <-  Generated Audio June 23, 2026 - 8_20PM.wav  =  13.04s
09:16:40    03: 003_003.jpg  <-  Generated Audio June 23, 2026 - 8_20PM (1).wav  =  18.08s
09:16:40    04: 004_004.jpg  <-  Generated Audio June 23, 2026 - 8_21PM.wav  =  13.32s
09:16:40    05: 005_005.jpg  <-  Generated Audio June 23, 2026 - 8_22PM.wav  =  14.04s
09:16:40    06: 006_006.jpg  <-  Generated Audio June 23, 2026 - 8_22PM (1).wav  =  13.80s
09:16:40    07: 007_007.jpg  <-  Generated Audio June 23, 2026 - 8_22PM (2).wav  =  13.20s
09:16:40    08: 008_008.jpg  <-  Generated Audio June 23, 2026 - 8_23PM.wav  =  13.64s
09:16:40    09: 009_009.jpg  <-  Generated Audio June 23, 2026 - 8_23PM (1).wav  =  14.84s
09:16:40    10: 010_010.jpg  <-  Generated Audio June 23, 2026 - 8_23PM (2).wav  =  11.84s
09:16:40    11: 011_011.jpg  <-  Generated Audio June 23, 2026 - 8_24PM.wav  =  9.24s
09:16:40    12: 012_012.jpg  <-  Generated Audio June 23, 2026 - 8_24PM (1).wav  =  11.64s
09:16:40    13: 013_013.jpg  <-  Generated Audio June 23, 2026 - 8_25PM.wav  =  13.36s
09:16:40    14: 014_014.jpg  <-  Generated Audio June 23, 2026 - 8_25PM (1).wav  =  10.88s
09:16:40    15: 015_015.jpg  <-  Generated Audio June 23, 2026 - 8_26PM.wav  =  13.32s
09:16:40    16: 016_016.jpg  <-  Generated Audio June 23, 2026 - 8_26PM (1).wav  =  9.28s
09:16:40    17: 017_017.jpg  <-  Generated Audio June 23, 2026 - 8_26PM (2).wav  =  7.40s
09:16:40    18: 018_018.jpg  <-  Generated Audio June 23, 2026 - 8_27PM.wav  =  13.44s
09:16:40    19: 019_019.jpg  <-  Generated Audio June 23, 2026 - 8_27PM (1).wav  =  12.76s
09:16:40    20: 020_020.jpg  <-  Generated Audio June 23, 2026 - 8_27PM (2).wav  =  11.16s
09:16:40    21: 021_021.jpg  <-  Generated Audio June 23, 2026 - 8_28PM.wav  =  11.76s
09:16:40    22: 022_022.jpg  <-  Generated Audio June 23, 2026 - 8_29PM.wav  =  12.32s
09:16:40    23: 023_023.jpg  <-  Generated Audio June 23, 2026 - 8_29PM (1).wav  =  9.32s
09:16:40    24: 024_024.jpg  <-  Generated Audio June 23, 2026 - 8_30PM.wav  =  17.44s
09:16:40    25: 025_025.jpg  <-  Generated Audio June 23, 2026 - 8_30PM (1).wav  =  13.00s
09:16:40    26: 026_026.jpg  <-  Generated Audio June 23, 2026 - 8_31PM.wav  =  13.56s
09:16:40    27: 027_027.jpg  <-  Generated Audio June 23, 2026 - 8_31PM (1).wav  =  13.08s
09:16:40    28: 028_028.jpg  <-  Generated Audio June 23, 2026 - 8_35PM.wav  =  11.80s
09:16:40    29: 029_029.jpg  <-  Generated Audio June 23, 2026 - 8_35PM (1).wav  =  10.92s
09:16:40    30: 030_030.jpg  <-  Generated Audio June 23, 2026 - 8_36PM.wav  =  10.28s
09:16:40    31: 031_031.jpg  <-  Generated Audio June 23, 2026 - 8_36PM (1).wav  =  12.92s
09:16:40    32: 032_032.jpg  <-  Generated Audio June 23, 2026 - 8_37PM.wav  =  11.72s
09:16:40    33: 033_033.jpg  <-  Generated Audio June 23, 2026 - 8_37PM (1).wav  =  10.84s
09:16:40    34: 034_034.jpg  <-  Generated Audio June 23, 2026 - 8_37PM (2).wav  =  12.52s
09:16:40    35: 035_035.jpg  <-  Generated Audio June 23, 2026 - 8_38PM.wav  =  13.80s
