11:47:06  ============================================================
11:47:06  RUN 2026-06-24 11:47:06
11:47:06  ffmpeg: ffmpeg
11:47:06  30 beats · voiceover 319.9s · transition=crossfade · zoom=False
11:47:06  Pairing (beat: image  <-  audio  =  seconds):
11:47:06    01: 001_001.jpg  <-  Generated Audio June 24, 2026 - 10_25AM.wav  =  11.69s
11:47:06    02: 002_002.jpg  <-  Generated Audio June 24, 2026 - 10_25AM (1).wav  =  10.85s
11:47:06    03: 003_003.jpg  <-  Generated Audio June 24, 2026 - 10_25AM (2).wav  =  9.65s
11:47:06    04: 004_004.jpg  <-  Generated Audio June 24, 2026 - 10_26AM.wav  =  10.65s
11:47:06    05: 005_005.jpg  <-  Generated Audio June 24, 2026 - 10_27AM.wav  =  12.37s
11:47:06    06: 006_006.jpg  <-  Generated Audio June 24, 2026 - 10_27AM (1).wav  =  10.57s
11:47:06    07: 007_007.jpg  <-  Generated Audio June 24, 2026 - 10_28AM.wav  =  8.57s
11:47:06    08: 008_008.jpg  <-  Generated Audio June 24, 2026 - 10_29AM.wav  =  10.49s
11:47:06    09: 009_009.jpg  <-  Generated Audio June 24, 2026 - 10_29AM (1).wav  =  12.89s
11:47:06    10: 010_010.jpg  <-  Generated Audio June 24, 2026 - 10_30AM.wav  =  11.61s
11:47:06    11: 011_011.jpg  <-  Generated Audio June 24, 2026 - 10_31AM.wav  =  9.85s
11:47:06    12: 012_012.jpg  <-  Generated Audio June 24, 2026 - 10_31AM (1).wav  =  11.45s
11:47:06    13: 013_013.jpg  <-  Generated Audio June 24, 2026 - 10_32AM.wav  =  12.25s
11:47:06    14: 014_014.jpg  <-  Generated Audio June 24, 2026 - 10_34AM.wav  =  11.09s
11:47:06    15: 015_016.jpg  <-  Generated Audio June 24, 2026 - 10_35AM.wav  =  12.97s
11:47:06    16: 016_017.jpg  <-  Generated Audio June 24, 2026 - 10_35AM (1).wav  =  10.41s
11:47:06    17: 017_018.jpg  <-  Generated Audio June 24, 2026 - 10_36AM.wav  =  12.69s
11:47:06    18: 018_019.jpg  <-  Generated Audio June 24, 2026 - 10_36AM (1).wav  =  11.13s
11:47:06    19: 019_020.jpg  <-  Generated Audio June 24, 2026 - 10_37AM.wav  =  11.49s
11:47:06    20: 020_021.jpg  <-  Generated Audio June 24, 2026 - 10_37AM (1).wav  =  12.13s
11:47:06    21: 021_022.jpg  <-  Generated Audio June 24, 2026 - 10_38AM.wav  =  11.81s
11:47:06    22: 022_023.jpg  <-  Generated Audio June 24, 2026 - 10_38AM (1).wav  =  8.53s
11:47:06    23: 023_024.jpg  <-  Generated Audio June 24, 2026 - 10_39AM.wav  =  8.53s
11:47:06    24: 024_025.jpg  <-  Generated Audio June 24, 2026 - 10_39AM (1).wav  =  8.81s
11:47:06    25: 025_026.jpg  <-  Generated Audio June 24, 2026 - 10_39AM (2).wav  =  11.01s
11:47:06    26: 026_027.jpg  <-  Generated Audio June 24, 2026 - 10_40AM.wav  =  9.93s
11:47:06    27: 027_028.jpg  <-  Generated Audio June 24, 2026 - 10_40AM (1).wav  =  11.01s
11:47:06    28: 028_029.jpg  <-  Generated Audio June 24, 2026 - 10_41AM.wav  =  10.01s
11:47:06    29: 029_030.jpg  <-  Generated Audio June 24, 2026 - 10_41AM (1).wav  =  11.57s
11:47:06    30: 030_031.jpg  <-  Generated Audio June 24, 2026 - 10_44AM.wav  =  3.85s
11:50:57  DONE -> c:\Users\Pawan.Rajbhar\Downloads\PY_Projects\yt-maker\output/video.mp4
11:50:57  Log saved -> c:\Users\Pawan.Rajbhar\Downloads\PY_Projects\yt-maker\output\logs\run_2026-06-24_11-47-06.log
